Arguments: 
  C:\Program Files\nodejs\node.exe C:\Program Files (x86)\Yarn\bin\yarn.js start

PATH: 
  C:\Program Files (x86)\NVIDIA Corporation\PhysX\Common;C:\Windows\system32;C:\Windows;C:\Windows\System32\Wbem;C:\Windows\System32\WindowsPowerShell\v1.0\;C:\Windows\System32\OpenSSH\;C:\Program Files\nodejs\;C:\Program Files (x86)\Yarn\bin\;C:\Program Files\Git\cmd;C:\Users\avieh\AppData\Local\Microsoft\WindowsApps;C:\Users\avieh\AppData\Local\Programs\Microsoft VS Code\bin;C:\Users\avieh\AppData\Roaming\npm;C:\Users\avieh\AppData\Local\Yarn\bin;C:\Users\avieh\AppData\Local\GitHubDesktop\bin

Yarn version: 
  1.16.0

Node version: 
  10.15.3

Platform: 
  win32 x64

Trace: 
  SyntaxError: C:\Users\avieh\OneDrive\Desktop\Programing\GC ubuntu test\package.json: Unexpected token } in JSON at position 212
      at JSON.parse (<anonymous>)
      at C:\Program Files (x86)\Yarn\lib\cli.js:1625:59
      at Generator.next (<anonymous>)
      at step (C:\Program Files (x86)\Yarn\lib\cli.js:304:30)
      at C:\Program Files (x86)\Yarn\lib\cli.js:315:13

npm manifest: 
  {
    "name": "ubuntutest",
    "version": "1.0.0",
    "description": "",
    "main": "index.js",
    "scripts": {
      "test": "echo \"Error: no test specified\" && exit 1",
      "start": "node babel-node src/index.js",
    },
    "author": "",
    "license": "ISC",
    "dependencies": {
      "babel": "^6.23.0",
      "express": "^4.17.1"
    },
    "devDependencies": {
      "@babel/core": "^7.4.5",
      "@babel/node": "^7.4.5"
    }
  }

yarn manifest: 
  No manifest

Lockfile: 
  No lockfile
